{"total": {"lines":{"total":77,"covered":64,"skipped":0,"pct":83.11},"statements":{"total":79,"covered":66,"skipped":0,"pct":83.54},"functions":{"total":20,"covered":19,"skipped":0,"pct":95},"branches":{"total":22,"covered":15,"skipped":0,"pct":68.18},"branchesTrue":{"total":0,"covered":0,"skipped":0,"pct":100}}
,"/home/ingrid/Programming/trybe/projetos/back-end/bloco30/sd-014-a-project-car-shop/src/controllers/GenericController.ts": {"lines":{"total":50,"covered":39,"skipped":0,"pct":78},"functions":{"total":8,"covered":7,"skipped":0,"pct":87.5},"statements":{"total":50,"covered":39,"skipped":0,"pct":78},"branches":{"total":18,"covered":13,"skipped":0,"pct":72.22}}
,"/home/ingrid/Programming/trybe/projetos/back-end/bloco30/sd-014-a-project-car-shop/src/models/GenericModel.ts": {"lines":{"total":10,"covered":10,"skipped":0,"pct":100},"functions":{"total":6,"covered":6,"skipped":0,"pct":100},"statements":{"total":12,"covered":12,"skipped":0,"pct":100},"branches":{"total":0,"covered":0,"skipped":0,"pct":100}}
,"/home/ingrid/Programming/trybe/projetos/back-end/bloco30/sd-014-a-project-car-shop/src/services/GenericServices.ts": {"lines":{"total":17,"covered":15,"skipped":0,"pct":88.23},"functions":{"total":6,"covered":6,"skipped":0,"pct":100},"statements":{"total":17,"covered":15,"skipped":0,"pct":88.23},"branches":{"total":4,"covered":2,"skipped":0,"pct":50}}
}
