TN:
SF:src/controllers/GenericController.ts
FN:13,(anonymous_0)
FN:25,(anonymous_1)
FN:37,(anonymous_2)
FN:57,(anonymous_3)
FN:74,(anonymous_4)
FN:98,(anonymous_5)
FN:119,(anonymous_6)
FN:30,(anonymous_7)
FNF:8
FNH:7
FNDA:1,(anonymous_0)
FNDA:1,(anonymous_1)
FNDA:2,(anonymous_2)
FNDA:2,(anonymous_3)
FNDA:2,(anonymous_4)
FNDA:2,(anonymous_5)
FNDA:2,(anonymous_6)
FNDA:0,(anonymous_7)
DA:13,1
DA:14,1
DA:15,1
DA:16,1
DA:17,1
DA:23,1
DA:26,1
DA:27,1
DA:30,0
DA:37,1
DA:41,2
DA:42,2
DA:43,2
DA:44,2
DA:45,0
DA:47,2
DA:48,0
DA:51,2
DA:53,0
DA:57,1
DA:61,2
DA:62,2
DA:63,2
DA:65,0
DA:74,1
DA:78,2
DA:79,2
DA:80,0
DA:83,2
DA:84,2
DA:85,2
DA:89,0
DA:98,1
DA:102,2
DA:103,2
DA:105,2
DA:106,1
DA:109,1
DA:110,0
DA:113,1
DA:115,0
DA:119,1
DA:123,2
DA:124,2
DA:125,0
DA:128,2
DA:129,2
DA:130,2
DA:134,0
DA:138,1
LF:50
LH:39
BRDA:13,0,0,1
BRDA:13,0,1,1
BRDA:44,1,0,0
BRDA:44,1,1,2
BRDA:47,2,0,0
BRDA:47,2,1,2
BRDA:79,3,0,0
BRDA:79,3,1,2
BRDA:85,4,0,1
BRDA:85,4,1,1
BRDA:105,5,0,1
BRDA:105,5,1,1
BRDA:109,6,0,0
BRDA:109,6,1,1
BRDA:124,7,0,0
BRDA:124,7,1,2
BRDA:130,8,0,1
BRDA:130,8,1,1
BRF:18
BRH:13
end_of_record
TN:
SF:src/models/GenericModel.ts
FN:6,(anonymous_0)
FN:8,(anonymous_1)
FN:10,(anonymous_2)
FN:12,(anonymous_3)
FN:15,(anonymous_4)
FN:18,(anonymous_5)
FNF:6
FNH:6
FNDA:3,(anonymous_0)
FNDA:1,(anonymous_1)
FNDA:2,(anonymous_2)
FNDA:2,(anonymous_3)
FNDA:2,(anonymous_4)
FNDA:2,(anonymous_5)
DA:6,3
DA:8,3
DA:10,3
DA:12,3
DA:13,2
DA:15,3
DA:16,2
DA:18,3
DA:19,2
DA:22,1
LF:10
LH:10
BRF:0
BRH:0
end_of_record
TN:
SF:src/services/GenericServices.ts
FN:10,(anonymous_0)
FN:22,(anonymous_1)
FN:47,(anonymous_2)
FN:32,(anonymous_3)
FN:36,(anonymous_4)
FN:59,(anonymous_5)
FNF:6
FNH:6
FNDA:2,(anonymous_0)
FNDA:1,(anonymous_1)
FNDA:2,(anonymous_2)
FNDA:1,(anonymous_3)
FNDA:2,(anonymous_4)
FNDA:2,(anonymous_5)
DA:11,2
DA:12,2
DA:22,2
DA:25,1
DA:26,1
DA:27,0
DA:29,1
DA:33,1
DA:37,2
DA:47,2
DA:51,2
DA:52,2
DA:53,0
DA:55,2
DA:56,2
DA:60,2
DA:64,1
LF:17
LH:15
BRDA:26,0,0,0
BRDA:26,0,1,1
BRDA:52,1,0,0
BRDA:52,1,1,2
BRF:4
BRH:2
end_of_record
